# JRE version: OpenJDK Runtime Environment (8.0_202-b03) (build 1.8.0_202-release-1483-b03)
# Java VM: OpenJDK 64-Bit Server VM (25.202-b03 mixed mode windows-amd64 compressed oops)
Heap:
 PSYoungGen      total 372736K, used 151053K [0x00000000e0000000, 0x00000000fc000000, 0x0000000100000000)
  eden space 320000K, 36% used [0x00000000e0000000,0x00000000e7318420,0x00000000f3880000)
  from space 52736K, 62% used [0x00000000f3880000,0x00000000f58eb3d0,0x00000000f6c00000)
  to   space 48640K, 0% used [0x00000000f9080000,0x00000000f9080000,0x00000000fc000000)
 ParOldGen       total 167936K, used 60801K [0x00000000a0000000, 0x00000000aa400000, 0x00000000e0000000)
  object space 167936K, 36% used [0x00000000a0000000,0x00000000a3b60640,0x00000000aa400000)
 Metaspace       used 105799K, capacity 113828K, committed 114008K, reserved 1148928K
  class space    used 13283K, capacity 14616K, committed 14720K, reserved 1048576K
GC Heap History (10 events):
Event: 13940.995 GC heap before
{Heap before GC invocations=53 (full 4):
 PSYoungGen      total 339968K, used 330678K [0x00000000e0000000, 0x00000000f8000000, 0x0000000100000000)
  eden space 290816K, 100% used [0x00000000e0000000,0x00000000f1c00000,0x00000000f1c00000)
  from space 49152K, 81% used [0x00000000f4e00000,0x00000000f74eda08,0x00000000f7e00000)
  to   space 51200K, 0% used [0x00000000f1c00000,0x00000000f1c00000,0x00000000f4e00000)
 ParOldGen       total 167936K, used 50214K [0x00000000a0000000, 0x00000000aa400000, 0x00000000e0000000)
  object space 167936K, 29% used [0x00000000a0000000,0x00000000a3109b30,0x00000000aa400000)
 Metaspace       used 105664K, capacity 113706K, committed 114008K, reserved 1148928K
  class space    used 13278K, capacity 14609K, committed 14720K, reserved 1048576K
Event: 13941.073 GC heap after
Heap after GC invocations=53 (full 4):
 PSYoungGen      total 342016K, used 39279K [0x00000000e0000000, 0x00000000f9f80000, 0x0000000100000000)
  eden space 290816K, 0% used [0x00000000e0000000,0x00000000e0000000,0x00000000f1c00000)
  from space 51200K, 76% used [0x00000000f1c00000,0x00000000f425bc88,0x00000000f4e00000)
  to   space 52736K, 0% used [0x00000000f6c00000,0x00000000f6c00000,0x00000000f9f80000)
 ParOldGen       total 167936K, used 54158K [0x00000000a0000000, 0x00000000aa400000, 0x00000000e0000000)
  object space 167936K, 32% used [0x00000000a0000000,0x00000000a34e3b50,0x00000000aa400000)
 Metaspace       used 105664K, capacity 113706K, committed 114008K, reserved 1148928K
  class space    used 13278K, capacity 14609K, committed 14720K, reserved 1048576K
}
Event: 13941.922 GC heap before
{Heap before GC invocations=54 (full 4):
 PSYoungGen      total 342016K, used 330095K [0x00000000e0000000, 0x00000000f9f80000, 0x0000000100000000)
  eden space 290816K, 100% used [0x00000000e0000000,0x00000000f1c00000,0x00000000f1c00000)
  from space 51200K, 76% used [0x00000000f1c00000,0x00000000f425bc88,0x00000000f4e00000)
  to   space 52736K, 0% used [0x00000000f6c00000,0x00000000f6c00000,0x00000000f9f80000)
 ParOldGen       total 167936K, used 54158K [0x00000000a0000000, 0x00000000aa400000, 0x00000000e0000000)
  object space 167936K, 32% used [0x00000000a0000000,0x00000000a34e3b50,0x00000000aa400000)
 Metaspace       used 105695K, capacity 113710K, committed 114008K, reserved 1148928K
  class space    used 13278K, capacity 14609K, committed 14720K, reserved 1048576K
Event: 13941.991 GC heap after
Heap after GC invocations=54 (full 4):
 PSYoungGen      total 372736K, used 36529K [0x00000000e0000000, 0x00000000fa600000, 0x0000000100000000)
  eden space 320000K, 0% used [0x00000000e0000000,0x00000000e0000000,0x00000000f3880000)
  from space 52736K, 69% used [0x00000000f6c00000,0x00000000f8fac680,0x00000000f9f80000)
  to   space 52736K, 0% used [0x00000000f3880000,0x00000000f3880000,0x00000000f6c00000)
 ParOldGen       total 167936K, used 54433K [0x00000000a0000000, 0x00000000aa400000, 0x00000000e0000000)
  object space 167936K, 32% used [0x00000000a0000000,0x00000000a35286c8,0x00000000aa400000)
 Metaspace       used 105695K, capacity 113710K, committed 114008K, reserved 1148928K
  class space    used 13278K, capacity 14609K, committed 14720K, reserved 1048576K
}
Event: 13942.810 GC heap before
{Heap before GC invocations=55 (full 4):
 PSYoungGen      total 372736K, used 356529K [0x00000000e0000000, 0x00000000fa600000, 0x0000000100000000)
  eden space 320000K, 100% used [0x00000000e0000000,0x00000000f3880000,0x00000000f3880000)
  from space 52736K, 69% used [0x00000000f6c00000,0x00000000f8fac680,0x00000000f9f80000)
  to   space 52736K, 0% used [0x00000000f3880000,0x00000000f3880000,0x00000000f6c00000)
 ParOldGen       total 167936K, used 54433K [0x00000000a0000000, 0x00000000aa400000, 0x00000000e0000000)
  object space 167936K, 32% used [0x00000000a0000000,0x00000000a35286c8,0x00000000aa400000)
 Metaspace       used 105722K, capacity 113796K, committed 114008K, reserved 1148928K
  class space    used 13281K, capacity 14612K, committed 14720K, reserved 1048576K
Event: 13942.869 GC heap after
Heap after GC invocations=55 (full 4):
 PSYoungGen      total 372736K, used 34381K [0x00000000e0000000, 0x00000000fa600000, 0x0000000100000000)
  eden space 320000K, 0% used [0x00000000e0000000,0x00000000e0000000,0x00000000f3880000)
  from space 52736K, 65% used [0x00000000f3880000,0x00000000f5a134e8,0x00000000f6c00000)
  to   space 52736K, 0% used [0x00000000f6c00000,0x00000000f6c00000,0x00000000f9f80000)
 ParOldGen       total 167936K, used 55221K [0x00000000a0000000, 0x00000000aa400000, 0x00000000e0000000)
  object space 167936K, 32% used [0x00000000a0000000,0x00000000a35ed6d8,0x00000000aa400000)
 Metaspace       used 105722K, capacity 113796K, committed 114008K, reserved 1148928K
  class space    used 13281K, capacity 14612K, committed 14720K, reserved 1048576K
}
Event: 13944.269 GC heap before
{Heap before GC invocations=56 (full 4):
 PSYoungGen      total 372736K, used 354381K [0x00000000e0000000, 0x00000000fa600000, 0x0000000100000000)
  eden space 320000K, 100% used [0x00000000e0000000,0x00000000f3880000,0x00000000f3880000)
  from space 52736K, 65% used [0x00000000f3880000,0x00000000f5a134e8,0x00000000f6c00000)
  to   space 52736K, 0% used [0x00000000f6c00000,0x00000000f6c00000,0x00000000f9f80000)
 ParOldGen       total 167936K, used 55221K [0x00000000a0000000, 0x00000000aa400000, 0x00000000e0000000)
  object space 167936K, 32% used [0x00000000a0000000,0x00000000a35ed6d8,0x00000000aa400000)
 Metaspace       used 105762K, capacity 113820K, committed 114008K, reserved 1148928K
  class space    used 13283K, capacity 14616K, committed 14720K, reserved 1048576K
Event: 13944.323 GC heap after
Heap after GC invocations=56 (full 4):
 PSYoungGen      total 372736K, used 30925K [0x00000000e0000000, 0x00000000fa600000, 0x0000000100000000)
  eden space 320000K, 0% used [0x00000000e0000000,0x00000000e0000000,0x00000000f3880000)
  from space 52736K, 58% used [0x00000000f6c00000,0x00000000f8a33400,0x00000000f9f80000)
  to   space 52736K, 0% used [0x00000000f3880000,0x00000000f3880000,0x00000000f6c00000)
 ParOldGen       total 167936K, used 56442K [0x00000000a0000000, 0x00000000aa400000, 0x00000000e0000000)
  object space 167936K, 33% used [0x00000000a0000000,0x00000000a371e818,0x00000000aa400000)
 Metaspace       used 105762K, capacity 113820K, committed 114008K, reserved 1148928K
  class space    used 13283K, capacity 14616K, committed 14720K, reserved 1048576K
}
Event: 13945.418 GC heap before
{Heap before GC invocations=57 (full 4):
 PSYoungGen      total 372736K, used 350925K [0x00000000e0000000, 0x00000000fa600000, 0x0000000100000000)
  eden space 320000K, 100% used [0x00000000e0000000,0x00000000f3880000,0x00000000f3880000)
  from space 52736K, 58% used [0x00000000f6c00000,0x00000000f8a33400,0x00000000f9f80000)
  to   space 52736K, 0% used [0x00000000f3880000,0x00000000f3880000,0x00000000f6c00000)
 ParOldGen       total 167936K, used 56442K [0x00000000a0000000, 0x00000000aa400000, 0x00000000e0000000)
  object space 167936K, 33% used [0x00000000a0000000,0x00000000a371e818,0x00000000aa400000)
 Metaspace       used 105796K, capacity 113828K, committed 114008K, reserved 1148928K
  class space    used 13283K, capacity 14616K, committed 14720K, reserved 1048576K
Event: 13945.463 GC heap after
Heap after GC invocations=57 (full 4):
 PSYoungGen      total 372736K, used 33196K [0x00000000e0000000, 0x00000000fc000000, 0x0000000100000000)
  eden space 320000K, 0% used [0x00000000e0000000,0x00000000e0000000,0x00000000f3880000)
  from space 52736K, 62% used [0x00000000f3880000,0x00000000f58eb3d0,0x00000000f6c00000)
  to   space 48640K, 0% used [0x00000000f9080000,0x00000000f9080000,0x00000000fc000000)
 ParOldGen       total 167936K, used 60801K [0x00000000a0000000, 0x00000000aa400000, 0x00000000e0000000)
  object space 167936K, 36% used [0x00000000a0000000,0x00000000a3b60640,0x00000000aa400000)
 Metaspace       used 105796K, capacity 113828K, committed 114008K, reserved 1148928K
  class space    used 13283K, capacity 14616K, committed 14720K, reserved 1048576K
}

